#
# There is insufficient memory for the Java Runtime Environment to continue.
# Native memory allocation (malloc) failed to allocate 1495664 bytes for Chunk::new
# Possible reasons:
#   The system is out of physical RAM or swap space
#   The process is running with CompressedOops enabled, and the Java Heap may be blocking the growth of the native heap
# Possible solutions:
#   Reduce memory load on the system
#   Increase physical memory or swap space
#   Check if swap backing store is full
#   Decrease Java heap size (-Xmx/-Xms)
#   Decrease number of Java threads
#   Decrease Java thread stack sizes (-Xss)
#   Set larger code cache with -XX:ReservedCodeCacheSize=
#   JVM is running with Zero Based Compressed Oops mode in which the Java heap is
#     placed in the first 32GB address space. The Java Heap base address is the
#     maximum limit for the native heap growth. Please use -XX:HeapBaseMinAddress
#     to set the Java Heap base and to place the Java Heap above 32GB virtual address.
# This output file may be truncated or incomplete.
#
#  Out of Memory Error (arena.cpp:189), pid=11964, tid=12520
#
# JRE version: OpenJDK Runtime Environment (17.0.6) (build 17.0.6+0-b2043.56-10027231)
# Java VM: OpenJDK 64-Bit Server VM (17.0.6+0-b2043.56-10027231, mixed mode, tiered, compressed oops, compressed class ptrs, g1 gc, windows-amd64)
# No core dump will be written. Minidumps are not enabled by default on client versions of Windows
#

---------------  S U M M A R Y ------------

Command Line: org.jetbrains.kotlin.cli.jvm.K2JVMCompiler @E:\AndroidWithKotlin\CareerLinkApp\app\build\20250314_9556853642378927071.compiler.options

Host: Intel(R) Core(TM) i7-4810MQ CPU @ 2.80GHz, 8 cores, 15G,  Windows 10 , 64 bit Build 19041 (10.0.19041.5438)
Time: Fri Mar 14 01:22:15 2025 Egypt Standard Time elapsed time: 13.023952 seconds (0d 0h 0m 13s)

---------------  T H R E A D  ---------------

Current thread (0x000001d51e068840):  JavaThread "C2 CompilerThread2" daemon [_thread_in_native, id=12520, stack(0x000000b695f00000,0x000000b696000000)]


Current CompileTask:
C2:  13024 8657       4       org.jetbrains.kotlin.fir.declarations.DeprecationUtilsKt::extractDeprecationAnnotationInfoPerUseSite (1240 bytes)

Stack: [0x000000b695f00000,0x000000b696000000]
Native frames: (J=compiled Java code, j=interpreted, Vv=VM code, C=native code)
V  [jvm.dll+0x683c9a]
V  [jvm.dll+0x8427a4]
V  [jvm.dll+0x843f9e]
V  [jvm.dll+0x844603]
V  [jvm.dll+0x249b75]
V  [jvm.dll+0xabcac]
V  [jvm.dll+0xac27c]
V  [jvm.dll+0x368857]
V  [jvm.dll+0x1bced2]
V  [jvm.dll+0x21c359]
V  [jvm.dll+0x21b621]
V  [jvm.dll+0x1a4fdd]
V  [jvm.dll+0x22b098]
V  [jvm.dll+0x229159]
V  [jvm.dll+0x7f81ec]
V  [jvm.dll+0x7f274a]
V  [jvm.dll+0x682ad5]
C  [ucrtbase.dll+0x21bb2]
C  [KERNEL32.DLL+0x17374]
C  [ntdll.dll+0x4cc91]


---------------  P R O C E S S  ---------------

Threads class SMR info:
_java_thread_list=0x000001d51e028290, length=14, elements={
0x000001d57c003d30, 0x000001d51b43c4f0, 0x000001d51b43cfb0, 0x000001d51b46e040,
0x000001d51b470a00, 0x000001d51b4713b0, 0x000001d51b471d60, 0x000001d51b492ce0,
0x000001d51b493ee0, 0x000001d51b495e50, 0x000001d51b62b2f0, 0x000001d51b638860,
0x000001d51e418790, 0x000001d51e068840
}

Java Threads: ( => current thread )
  0x000001d57c003d30 JavaThread "main" [_thread_blocked, id=12432, stack(0x000000b694300000,0x000000b694400000)]
  0x000001d51b43c4f0 JavaThread "Reference Handler" daemon [_thread_blocked, id=14344, stack(0x000000b694a00000,0x000000b694b00000)]
  0x000001d51b43cfb0 JavaThread "Finalizer" daemon [_thread_blocked, id=4164, stack(0x000000b694b00000,0x000000b694c00000)]
  0x000001d51b46e040 JavaThread "Signal Dispatcher" daemon [_thread_blocked, id=15212, stack(0x000000b694c00000,0x000000b694d00000)]
  0x000001d51b470a00 JavaThread "Attach Listener" daemon [_thread_blocked, id=14692, stack(0x000000b694d00000,0x000000b694e00000)]
  0x000001d51b4713b0 JavaThread "Service Thread" daemon [_thread_blocked, id=13516, stack(0x000000b694e00000,0x000000b694f00000)]
  0x000001d51b471d60 JavaThread "Monitor Deflation Thread" daemon [_thread_blocked, id=13344, stack(0x000000b694f00000,0x000000b695000000)]
  0x000001d51b492ce0 JavaThread "C2 CompilerThread0" daemon [_thread_in_native, id=8764, stack(0x000000b695000000,0x000000b695100000)]
  0x000001d51b493ee0 JavaThread "C1 CompilerThread0" daemon [_thread_blocked, id=2940, stack(0x000000b695100000,0x000000b695200000)]
  0x000001d51b495e50 JavaThread "Sweeper thread" daemon [_thread_blocked, id=15028, stack(0x000000b695200000,0x000000b695300000)]
  0x000001d51b62b2f0 JavaThread "Notification Thread" daemon [_thread_blocked, id=11996, stack(0x000000b695300000,0x000000b695400000)]
  0x000001d51b638860 JavaThread "Common-Cleaner" daemon [_thread_blocked, id=8296, stack(0x000000b695500000,0x000000b695600000)]
  0x000001d51e418790 JavaThread "C2 CompilerThread1" daemon [_thread_blocked, id=3996, stack(0x000000b695e00000,0x000000b695f00000)]
=>0x000001d51e068840 JavaThread "C2 CompilerThread2" daemon [_thread_in_native, id=12520, stack(0x000000b695f00000,0x000000b696000000)]

Other Threads:
  0x000001d51a97f850 VMThread "VM Thread" [stack: 0x000000b694900000,0x000000b694a00000] [id=12572]
  0x000001d57c089030 WatcherThread [stack: 0x000000b695400000,0x000000b695500000] [id=10604]
  0x000001d57c06e820 GCTaskThread "GC Thread#0" [stack: 0x000000b694400000,0x000000b694500000] [id=1932]
  0x000001d51bbc7e90 GCTaskThread "GC Thread#1" [stack: 0x000000b695700000,0x000000b695800000] [id=14676]
  0x000001d51bbfa430 GCTaskThread "GC Thread#2" [stack: 0x000000b695800000,0x000000b695900000] [id=10076]
  0x000001d51bbfb2f0 GCTaskThread "GC Thread#3" [stack: 0x000000b695900000,0x000000b695a00000] [id=14844]
  0x000001d51bbfb5a0 GCTaskThread "GC Thread#4" [stack: 0x000000b695a00000,0x000000b695b00000] [id=14304]
  0x000001d51bbfe080 GCTaskThread "GC Thread#5" [stack: 0x000000b695b00000,0x000000b695c00000] [id=12692]
  0x000001d51bc435e0 GCTaskThread "GC Thread#6" [stack: 0x000000b695600000,0x000000b695700000] [id=14320]
  0x000001d51bc42dd0 GCTaskThread "GC Thread#7" [stack: 0x000000b695c00000,0x000000b695d00000] [id=4824]
  0x000001d57c07fdb0 ConcurrentGCThread "G1 Main Marker" [stack: 0x000000b694500000,0x000000b694600000] [id=14784]
  0x000001d57c0817d0 ConcurrentGCThread "G1 Conc#0" [stack: 0x000000b694600000,0x000000b694700000] [id=9132]
  0x000001d51bc43b40 ConcurrentGCThread "G1 Conc#1" [stack: 0x000000b695d00000,0x000000b695e00000] [id=5480]
  0x000001d57c0ce6d0 ConcurrentGCThread "G1 Refine#0" [stack: 0x000000b694700000,0x000000b694800000] [id=2556]
  0x000001d51db93960 ConcurrentGCThread "G1 Refine#1" [stack: 0x000000b696000000,0x000000b696100000] [id=15244]
  0x000001d51dc5ae40 ConcurrentGCThread "G1 Refine#2" [stack: 0x000000b696100000,0x000000b696200000] [id=7764]
  0x000001d51bffdf90 ConcurrentGCThread "G1 Refine#3" [stack: 0x000000b696200000,0x000000b696300000] [id=9876]
  0x000001d51d61a5e0 ConcurrentGCThread "G1 Refine#4" [stack: 0x000000b696300000,0x000000b696400000] [id=7704]
  0x000001d51a82d130 ConcurrentGCThread "G1 Service" [stack: 0x000000b694800000,0x000000b694900000] [id=10120]

Threads with active compile tasks:
C2 CompilerThread0    13050 8953       4       org.jetbrains.kotlin.fir.java.JavaTypeConversionKt::toConeKotlinTypeForFlexibleBound (848 bytes)
C2 CompilerThread2    13050 8657       4       org.jetbrains.kotlin.fir.declarations.DeprecationUtilsKt::extractDeprecationAnnotationInfoPerUseSite (1240 bytes)

VM state: not at safepoint (normal execution)

VM Mutex/Monitor currently owned by a thread:  ([mutex/lock_event])
[0x000001d57bffe400] Heap_lock - owner thread: 0x000001d57c003d30

Heap address: 0x0000000701c00000, size: 4068 MB, Compressed Oops mode: Zero based, Oop shift amount: 3

CDS archive(s) not mapped
Compressed class space mapped at: 0x0000000800000000-0x0000000840000000, reserved size: 1073741824
Narrow klass base: 0x0000000800000000, Narrow klass shift: 0, Narrow klass range: 0x40000000

GC Precious Log:
 CPUs: 8 total, 8 available
 Memory: 16265M
 Large Page Support: Disabled
 NUMA Support: Disabled
 Compressed Oops: Enabled (Zero based)
 Heap Region Size: 2M
 Heap Min Capacity: 8M
 Heap Initial Capacity: 256M
 Heap Max Capacity: 4068M
 Pre-touch: Disabled
 Parallel Workers: 8
 Concurrent Workers: 2
 Concurrent Refinement Workers: 8
 Periodic GC: Disabled

Heap:
 garbage-first heap   total 190464K, used 100725K [0x0000000701c00000, 0x0000000800000000)
  region size 2048K, 5 young (10240K), 4 survivors (8192K)
 Metaspace       used 60537K, committed 60800K, reserved 1105920K
  class space    used 6860K, committed 6976K, reserved 1048576K

Heap Regions: E=young(eden), S=young(survivor), O=old, HS=humongous(starts), HC=humongous(continues), CS=collection set, F=free, OA=open archive, CA=closed archive, TAMS=top-at-mark-start (previous, next)
|   0|0x0000000701c00000, 0x0000000701e00000, 0x0000000701e00000|100%|HS|  |TAMS 0x0000000701e00000, 0x0000000701e00000| Complete 
|   1|0x0000000701e00000, 0x0000000702000000, 0x0000000702000000|100%|HC|  |TAMS 0x0000000702000000, 0x0000000702000000| Complete 
|   2|0x0000000702000000, 0x0000000702200000, 0x0000000702200000|100%| O|  |TAMS 0x0000000702200000, 0x0000000702200000| Untracked 
|   3|0x0000000702200000, 0x0000000702400000, 0x0000000702400000|100%| O|  |TAMS 0x0000000702400000, 0x0000000702400000| Untracked 
|   4|0x0000000702400000, 0x0000000702545800, 0x0000000702600000| 63%| O|  |TAMS 0x0000000702545800, 0x0000000702545800| Untracked 
|   5|0x0000000702600000, 0x0000000702800000, 0x0000000702800000|100%| O|  |TAMS 0x0000000702800000, 0x0000000702800000| Untracked 
|   6|0x0000000702800000, 0x0000000702a00000, 0x0000000702a00000|100%| O|  |TAMS 0x0000000702a00000, 0x0000000702a00000| Untracked 
|   7|0x0000000702a00000, 0x0000000702c00000, 0x0000000702c00000|100%| O|  |TAMS 0x0000000702c00000, 0x0000000702c00000| Untracked 
|   8|0x0000000702c00000, 0x0000000702e00000, 0x0000000702e00000|100%| O|  |TAMS 0x0000000702e00000, 0x0000000702e00000| Untracked 
|   9|0x0000000702e00000, 0x0000000703000000, 0x0000000703000000|100%| O|  |TAMS 0x0000000703000000, 0x0000000703000000| Untracked 
|  10|0x0000000703000000, 0x0000000703200000, 0x0000000703200000|100%| O|  |TAMS 0x0000000703200000, 0x0000000703200000| Untracked 
|  11|0x0000000703200000, 0x0000000703400000, 0x0000000703400000|100%| O|  |TAMS 0x0000000703400000, 0x0000000703400000| Untracked 
|  12|0x0000000703400000, 0x0000000703600000, 0x0000000703600000|100%| O|  |TAMS 0x0000000703600000, 0x0000000703600000| Untracked 
|  13|0x0000000703600000, 0x0000000703800000, 0x0000000703800000|100%| O|  |TAMS 0x0000000703800000, 0x0000000703800000| Untracked 
|  14|0x0000000703800000, 0x0000000703917e00, 0x0000000703a00000| 54%| O|  |TAMS 0x0000000703800000, 0x0000000703800000| Untracked 
|  15|0x0000000703a00000, 0x0000000703c00000, 0x0000000703c00000|100%| O|  |TAMS 0x0000000703c00000, 0x0000000703c00000| Untracked 
|  16|0x0000000703c00000, 0x0000000703e00000, 0x0000000703e00000|100%| O|  |TAMS 0x0000000703e00000, 0x0000000703e00000| Untracked 
|  17|0x0000000703e00000, 0x0000000704000000, 0x0000000704000000|100%| O|  |TAMS 0x0000000704000000, 0x0000000704000000| Untracked 
|  18|0x0000000704000000, 0x0000000704200000, 0x0000000704200000|100%| O|  |TAMS 0x0000000704200000, 0x0000000704200000| Untracked 
|  19|0x0000000704200000, 0x0000000704400000, 0x0000000704400000|100%| O|  |TAMS 0x0000000704400000, 0x0000000704400000| Untracked 
|  20|0x0000000704400000, 0x0000000704600000, 0x0000000704600000|100%| O|  |TAMS 0x0000000704600000, 0x0000000704600000| Untracked 
|  21|0x0000000704600000, 0x0000000704800000, 0x0000000704800000|100%| O|  |TAMS 0x0000000704800000, 0x0000000704800000| Untracked 
|  22|0x0000000704800000, 0x0000000704a00000, 0x0000000704a00000|100%| O|  |TAMS 0x0000000704a00000, 0x0000000704a00000| Untracked 
|  23|0x0000000704a00000, 0x0000000704c00000, 0x0000000704c00000|100%| O|  |TAMS 0x0000000704c00000, 0x0000000704c00000| Untracked 
|  24|0x0000000704c00000, 0x0000000704e00000, 0x0000000704e00000|100%| O|  |TAMS 0x0000000704e00000, 0x0000000704e00000| Untracked 
|  25|0x0000000704e00000, 0x0000000705000000, 0x0000000705000000|100%| O|  |TAMS 0x0000000705000000, 0x0000000705000000| Untracked 
|  26|0x0000000705000000, 0x0000000705200000, 0x0000000705200000|100%| O|  |TAMS 0x0000000705200000, 0x0000000705200000| Untracked 
|  27|0x0000000705200000, 0x0000000705400000, 0x0000000705400000|100%| O|  |TAMS 0x0000000705400000, 0x0000000705400000| Untracked 
|  28|0x0000000705400000, 0x0000000705600000, 0x0000000705600000|100%| O|  |TAMS 0x0000000705600000, 0x0000000705600000| Untracked 
|  29|0x0000000705600000, 0x0000000705800000, 0x0000000705800000|100%| O|  |TAMS 0x0000000705800000, 0x0000000705800000| Untracked 
|  30|0x0000000705800000, 0x0000000705a00000, 0x0000000705a00000|100%| O|  |TAMS 0x0000000705a00000, 0x0000000705a00000| Untracked 
|  31|0x0000000705a00000, 0x0000000705c00000, 0x0000000705c00000|100%| O|  |TAMS 0x0000000705c00000, 0x0000000705c00000| Untracked 
|  32|0x0000000705c00000, 0x0000000705e00000, 0x0000000705e00000|100%| O|  |TAMS 0x0000000705e00000, 0x0000000705e00000| Untracked 
|  33|0x0000000705e00000, 0x0000000706000000, 0x0000000706000000|100%| O|  |TAMS 0x0000000706000000, 0x0000000706000000| Untracked 
|  34|0x0000000706000000, 0x0000000706200000, 0x0000000706200000|100%| O|  |TAMS 0x0000000706200000, 0x0000000706200000| Untracked 
|  35|0x0000000706200000, 0x0000000706400000, 0x0000000706400000|100%| O|  |TAMS 0x0000000706400000, 0x0000000706400000| Untracked 
|  36|0x0000000706400000, 0x0000000706600000, 0x0000000706600000|100%| O|  |TAMS 0x0000000706600000, 0x0000000706600000| Untracked 
|  37|0x0000000706600000, 0x0000000706800000, 0x0000000706800000|100%| O|  |TAMS 0x0000000706600000, 0x0000000706800000| Untracked 
|  38|0x0000000706800000, 0x0000000706a00000, 0x0000000706a00000|100%| O|  |TAMS 0x0000000706800000, 0x0000000706a00000| Untracked 
|  39|0x0000000706a00000, 0x0000000706c00000, 0x0000000706c00000|100%| O|  |TAMS 0x0000000706a00000, 0x0000000706c00000| Untracked 
|  40|0x0000000706c00000, 0x0000000706e00000, 0x0000000706e00000|100%| O|  |TAMS 0x0000000706c00000, 0x0000000706e00000| Untracked 
|  41|0x0000000706e00000, 0x0000000707000000, 0x0000000707000000|100%| O|  |TAMS 0x0000000706e00000, 0x0000000707000000| Untracked 
|  42|0x0000000707000000, 0x0000000707200000, 0x0000000707200000|100%| O|  |TAMS 0x0000000707000000, 0x0000000707200000| Untracked 
|  43|0x0000000707200000, 0x0000000707400000, 0x0000000707400000|100%| O|  |TAMS 0x0000000707200000, 0x0000000707400000| Untracked 
|  44|0x0000000707400000, 0x0000000707600000, 0x0000000707600000|100%| O|  |TAMS 0x0000000707400000, 0x0000000707490200| Untracked 
|  45|0x0000000707600000, 0x0000000707600000, 0x0000000707800000|  0%| F|  |TAMS 0x0000000707600000, 0x0000000707600000| Untracked 
|  46|0x0000000707800000, 0x0000000707800000, 0x0000000707a00000|  0%| F|  |TAMS 0x0000000707800000, 0x0000000707800000| Untracked 
|  47|0x0000000707a00000, 0x0000000707a00000, 0x0000000707c00000|  0%| F|  |TAMS 0x0000000707a00000, 0x0000000707a00000| Untracked 
|  48|0x0000000707c00000, 0x0000000707c00000, 0x0000000707e00000|  0%| F|  |TAMS 0x0000000707c00000, 0x0000000707c00000| Untracked 
|  49|0x0000000707e00000, 0x0000000707e00000, 0x0000000708000000|  0%| F|  |TAMS 0x0000000707e00000, 0x0000000707e00000| Untracked 
|  50|0x0000000708000000, 0x0000000708000000, 0x0000000708200000|  0%| F|  |TAMS 0x0000000708000000, 0x0000000708000000| Untracked 
|  51|0x0000000708200000, 0x0000000708200000, 0x0000000708400000|  0%| F|  |TAMS 0x0000000708200000, 0x0000000708200000| Untracked 
|  52|0x0000000708400000, 0x0000000708400000, 0x0000000708600000|  0%| F|  |TAMS 0x0000000708400000, 0x0000000708400000| Untracked 
|  53|0x0000000708600000, 0x0000000708600000, 0x0000000708800000|  0%| F|  |TAMS 0x0000000708600000, 0x0000000708600000| Untracked 
|  54|0x0000000708800000, 0x0000000708800000, 0x0000000708a00000|  0%| F|  |TAMS 0x0000000708800000, 0x0000000708800000| Untracked 
|  55|0x0000000708a00000, 0x0000000708a00000, 0x0000000708c00000|  0%| F|  |TAMS 0x0000000708a00000, 0x0000000708a00000| Untracked 
|  56|0x0000000708c00000, 0x0000000708c00000, 0x0000000708e00000|  0%| F|  |TAMS 0x0000000708c00000, 0x0000000708c00000| Untracked 
|  57|0x0000000708e00000, 0x0000000708e00000, 0x0000000709000000|  0%| F|  |TAMS 0x0000000708e00000, 0x0000000708e00000| Untracked 
|  58|0x0000000709000000, 0x0000000709000000, 0x0000000709200000|  0%| F|  |TAMS 0x0000000709000000, 0x0000000709000000| Untracked 
|  59|0x0000000709200000, 0x0000000709200000, 0x0000000709400000|  0%| F|  |TAMS 0x0000000709200000, 0x0000000709200000| Untracked 
|  60|0x0000000709400000, 0x0000000709400000, 0x0000000709600000|  0%| F|  |TAMS 0x0000000709400000, 0x0000000709400000| Untracked 
|  61|0x0000000709600000, 0x0000000709600000, 0x0000000709800000|  0%| F|  |TAMS 0x0000000709600000, 0x0000000709600000| Untracked 
|  62|0x0000000709800000, 0x0000000709a00000, 0x0000000709a00000|100%| S|CS|TAMS 0x0000000709800000, 0x0000000709800000| Complete 
|  63|0x0000000709a00000, 0x0000000709c00000, 0x0000000709c00000|100%| S|CS|TAMS 0x0000000709a00000, 0x0000000709a00000| Complete 
|  64|0x0000000709c00000, 0x0000000709e00000, 0x0000000709e00000|100%| S|CS|TAMS 0x0000000709c00000, 0x0000000709c00000| Complete 
|  65|0x0000000709e00000, 0x000000070a000000, 0x000000070a000000|100%| S|CS|TAMS 0x0000000709e00000, 0x0000000709e00000| Complete 
|  66|0x000000070a000000, 0x000000070a000000, 0x000000070a200000|  0%| F|  |TAMS 0x000000070a000000, 0x000000070a000000| Untracked 
|  67|0x000000070a200000, 0x000000070a200000, 0x000000070a400000|  0%| F|  |TAMS 0x000000070a200000, 0x000000070a200000| Untracked 
|  68|0x000000070a400000, 0x000000070a400000, 0x000000070a600000|  0%| F|  |TAMS 0x000000070a400000, 0x000000070a400000| Untracked 
|  69|0x000000070a600000, 0x000000070a600000, 0x000000070a800000|  0%| F|  |TAMS 0x000000070a600000, 0x000000070a600000| Untracked 
|  70|0x000000070a800000, 0x000000070a800000, 0x000000070aa00000|  0%| F|  |TAMS 0x000000070a800000, 0x000000070a800000| Untracked 
|  71|0x000000070aa00000, 0x000000070aa00000, 0x000000070ac00000|  0%| F|  |TAMS 0x000000070aa00000, 0x000000070aa00000| Untracked 
|  72|0x000000070ac00000, 0x000000070ac00000, 0x000000070ae00000|  0%| F|  |TAMS 0x000000070ac00000, 0x000000070ac00000| Untracked 
|  73|0x000000070ae00000, 0x000000070ae00000, 0x000000070b000000|  0%| F|  |TAMS 0x000000070ae00000, 0x000000070ae00000| Untracked 
|  74|0x000000070b000000, 0x000000070b000000, 0x000000070b200000|  0%| F|  |TAMS 0x000000070b000000, 0x000000070b000000| Untracked 
|  75|0x000000070b200000, 0x000000070b200000, 0x000000070b400000|  0%| F|  |TAMS 0x000000070b200000, 0x000000070b200000| Untracked 
|  76|0x000000070b400000, 0x000000070b400000, 0x000000070b600000|  0%| F|  |TAMS 0x000000070b400000, 0x000000070b400000| Untracked 
|  77|0x000000070b600000, 0x000000070b600000, 0x000000070b800000|  0%| F|  |TAMS 0x000000070b600000, 0x000000070b600000| Untracked 
|  78|0x000000070b800000, 0x000000070b800000, 0x000000070ba00000|  0%| F|  |TAMS 0x000000070b800000, 0x000000070b800000| Untracked 
|  79|0x000000070ba00000, 0x000000070ba00000, 0x000000070bc00000|  0%| F|  |TAMS 0x000000070ba00000, 0x000000070ba00000| Untracked 
|  80|0x000000070bc00000, 0x000000070bc00000, 0x000000070be00000|  0%| F|  |TAMS 0x000000070bc00000, 0x000000070bc00000| Untracked 
|  81|0x000000070be00000, 0x000000070be00000, 0x000000070c000000|  0%| F|  |TAMS 0x000000070be00000, 0x000000070be00000| Untracked 
|  82|0x000000070c000000, 0x000000070c000000, 0x000000070c200000|  0%| F|  |TAMS 0x000000070c000000, 0x000000070c000000| Untracked 
|  83|0x000000070c200000, 0x000000070c200000, 0x000000070c400000|  0%| F|  |TAMS 0x000000070c200000, 0x000000070c200000| Untracked 
|  84|0x000000070c400000, 0x000000070c400000, 0x000000070c600000|  0%| F|  |TAMS 0x000000070c400000, 0x000000070c400000| Untracked 
|  85|0x000000070c600000, 0x000000070c600000, 0x000000070c800000|  0%| F|  |TAMS 0x000000070c600000, 0x000000070c600000| Untracked 
|  86|0x000000070c800000, 0x000000070c800000, 0x000000070ca00000|  0%| F|  |TAMS 0x000000070c800000, 0x000000070c800000| Untracked 
|  87|0x000000070ca00000, 0x000000070ca00000, 0x000000070cc00000|  0%| F|  |TAMS 0x000000070ca00000, 0x000000070ca00000| Untracked 
|  88|0x000000070cc00000, 0x000000070cc00000, 0x000000070ce00000|  0%| F|  |TAMS 0x000000070cc00000, 0x000000070cc00000| Untracked 
|  89|0x000000070ce00000, 0x000000070ce00000, 0x000000070d000000|  0%| F|  |TAMS 0x000000070ce00000, 0x000000070ce00000| Untracked 
|  90|0x000000070d000000, 0x000000070d000000, 0x000000070d200000|  0%| F|  |TAMS 0x000000070d000000, 0x000000070d000000| Untracked 
| 127|0x0000000711a00000, 0x0000000711a00800, 0x0000000711c00000|  0%| E|  |TAMS 0x0000000711a00000, 0x0000000711a00000| Complete 
|2033|0x00000007ffe00000, 0x0000000800000000, 0x0000000800000000|100%| O|  |TAMS 0x0000000800000000, 0x0000000800000000| Untracked 

Card table byte_map: [0x000001d50f000000,0x000001d50f800000] _byte_map_base: 0x000001d50b7f2000

Marking Bits (Prev, Next): (CMBitMap*) 0x000001d57c06ee70, (CMBitMap*) 0x000001d57c06ee30
 Prev Bits: [0x000001d513f90000, 0x000001d517f20000)
 Next Bits: [0x000001d510000000, 0x000001d513f90000)

Polling page: 0x000001d57b7d0000

Metaspace:

Usage:
  Non-class:     52.42 MB used.
      Class:      6.70 MB used.
       Both:     59.12 MB used.

Virtual space:
  Non-class space:       56.00 MB reserved,      52.56 MB ( 94%) committed,  7 nodes.
      Class space:        1.00 GB reserved,       6.81 MB ( <1%) committed,  1 nodes.
             Both:        1.05 GB reserved,      59.38 MB (  5%) committed. 

Chunk freelists:
   Non-Class:  2.88 MB
       Class:  1.13 MB
        Both:  4.00 MB

MaxMetaspaceSize: unlimited
CompressedClassSpaceSize: 1.00 GB
Initial GC threshold: 21.00 MB
Current GC threshold: 92.62 MB
CDS: off
MetaspaceReclaimPolicy: balanced
 - commit_granule_bytes: 65536.
 - commit_granule_words: 8192.
 - virtual_space_node_default_size: 1048576.
 - enlarge_chunks_in_place: 1.
 - new_chunks_are_fully_committed: 0.
 - uncommit_free_chunks: 1.
 - use_allocation_guard: 0.
 - handle_deallocations: 1.


Internal statistics:

num_allocs_failed_limit: 6.
num_arena_births: 282.
num_arena_deaths: 0.
num_vsnodes_births: 8.
num_vsnodes_deaths: 0.
num_space_committed: 947.
num_space_uncommitted: 0.
num_chunks_returned_to_freelist: 6.
num_chunks_taken_from_freelist: 2150.
num_chunk_merges: 3.
num_chunk_splits: 1732.
num_chunks_enlarged: 1559.
num_purges: 0.
num_inconsistent_stats: 0.

CodeHeap 'non-profiled nmethods': size=120000Kb used=4523Kb max_used=4523Kb free=115476Kb
 bounds [0x000001d507ad0000, 0x000001d507f40000, 0x000001d50f000000]
CodeHeap 'profiled nmethods': size=120000Kb used=26355Kb max_used=26355Kb free=93644Kb
 bounds [0x000001d500000000, 0x000001d5019d0000, 0x000001d507530000]
CodeHeap 'non-nmethods': size=5760Kb used=1335Kb max_used=1430Kb free=4424Kb
 bounds [0x000001d507530000, 0x000001d5077a0000, 0x000001d507ad0000]
 total_blobs=8442 nmethods=7786 adapters=567
 compilation: enabled
              stopped_count=0, restarted_count=0
 full_count=0

Compilation events (20 events):
Event: 12.935 Thread 0x000001d51b493ee0 nmethod 8951 0x000001d5019b5a10 code [0x000001d5019b5e80, 0x000001d5019b80f8]
Event: 12.935 Thread 0x000001d51b493ee0 8961       3       org.jetbrains.kotlin.fir.scopes.FirScopeKt$getProperties$1$1::<init> (7 bytes)
Event: 12.935 Thread 0x000001d51b493ee0 nmethod 8961 0x000001d5019b8a10 code [0x000001d5019b8ba0, 0x000001d5019b8ce8]
Event: 12.935 Thread 0x000001d51b493ee0 8955       3       org.jetbrains.kotlin.resolve.jvm.KotlinJavaPsiFacade::shouldUseSlowResolve (28 bytes)
Event: 12.956 Thread 0x000001d51b493ee0 nmethod 8955 0x000001d5019b8d90 code [0x000001d5019b8fa0, 0x000001d5019b9638]
Event: 12.956 Thread 0x000001d51b493ee0 8962       3       org.jetbrains.kotlin.fir.java.enhancement.FirSignatureEnhancement::isEnhanceableIntersection (181 bytes)
Event: 12.960 Thread 0x000001d51b493ee0 nmethod 8962 0x000001d5019b9910 code [0x000001d5019b9f80, 0x000001d5019bd9e8]
Event: 12.960 Thread 0x000001d51b493ee0 8956       3       org.jetbrains.kotlin.resolve.jvm.KotlinJavaPsiFacade$CliFinder::findClass (28 bytes)
Event: 12.961 Thread 0x000001d51e418790 nmethod 8922 0x000001d507f34e90 code [0x000001d507f35120, 0x000001d507f377b8]
Event: 12.961 Thread 0x000001d51b493ee0 nmethod 8956 0x000001d5019bea90 code [0x000001d5019bec60, 0x000001d5019beee8]
Event: 12.961 Thread 0x000001d51e418790 8960       4       org.jetbrains.kotlin.load.java.structure.impl.classFiles.PlainJavaClassifierType::isRaw (103 bytes)
Event: 12.961 Thread 0x000001d51b493ee0 8936       3       org.jetbrains.kotlin.load.java.structure.impl.classFiles.ClassifierResolutionContext$InnerClassInfo::<init> (27 bytes)
Event: 12.962 Thread 0x000001d51b493ee0 nmethod 8936 0x000001d5019bf010 code [0x000001d5019bf2a0, 0x000001d5019bfe38]
Event: 12.970 Thread 0x000001d51e418790 nmethod 8960 0x000001d507f38b90 code [0x000001d507f38d40, 0x000001d507f39158]
Event: 12.970 Thread 0x000001d51e418790 8957       4       kotlin.collections.builders.MapBuilder::findKey (79 bytes)
Event: 12.975 Thread 0x000001d51e418790 nmethod 8957 0x000001d507f39490 code [0x000001d507f39620, 0x000001d507f398f8]
Event: 12.975 Thread 0x000001d51e418790 8958       4       org.jetbrains.kotlin.load.java.structure.impl.classFiles.BinaryJavaValueParameter::<init> (46 bytes)
Event: 12.983 Thread 0x000001d51e418790 nmethod 8958 0x000001d507f39c10 code [0x000001d507f39da0, 0x000001d507f3a358]
Event: 12.983 Thread 0x000001d51e418790 8954       4       org.jetbrains.kotlin.fir.ClassMembersKt::containingClassLookupTag (17 bytes)
Event: 12.987 Thread 0x000001d51e418790 nmethod 8954 0x000001d507f3a510 code [0x000001d507f3a6c0, 0x000001d507f3a8d8]

GC Heap History (20 events):
Event: 4.783 GC heap before
{Heap before GC invocations=12 (full 0):
 garbage-first heap   total 90112K, used 63014K [0x0000000701c00000, 0x0000000800000000)
  region size 2048K, 15 young (30720K), 3 survivors (6144K)
 Metaspace       used 45796K, committed 46016K, reserved 1097728K
  class space    used 5378K, committed 5504K, reserved 1048576K
}
Event: 4.801 GC heap after
{Heap after GC invocations=13 (full 0):
 garbage-first heap   total 90112K, used 48406K [0x0000000701c00000, 0x0000000800000000)
  region size 2048K, 2 young (4096K), 2 survivors (4096K)
 Metaspace       used 45796K, committed 46016K, reserved 1097728K
  class space    used 5378K, committed 5504K, reserved 1048576K
}
Event: 5.171 GC heap before
{Heap before GC invocations=13 (full 0):
 garbage-first heap   total 90112K, used 64790K [0x0000000701c00000, 0x0000000800000000)
  region size 2048K, 10 young (20480K), 2 survivors (4096K)
 Metaspace       used 47695K, committed 47936K, reserved 1097728K
  class space    used 5607K, committed 5696K, reserved 1048576K
}
Event: 5.183 GC heap after
{Heap after GC invocations=14 (full 0):
 garbage-first heap   total 141312K, used 50905K [0x0000000701c00000, 0x0000000800000000)
  region size 2048K, 2 young (4096K), 2 survivors (4096K)
 Metaspace       used 47695K, committed 47936K, reserved 1097728K
  class space    used 5607K, committed 5696K, reserved 1048576K
}
Event: 6.255 GC heap before
{Heap before GC invocations=15 (full 0):
 garbage-first heap   total 141312K, used 95961K [0x0000000701c00000, 0x0000000800000000)
  region size 2048K, 24 young (49152K), 2 survivors (4096K)
 Metaspace       used 52751K, committed 53056K, reserved 1097728K
  class space    used 6242K, committed 6400K, reserved 1048576K
}
Event: 6.271 GC heap after
{Heap after GC invocations=16 (full 0):
 garbage-first heap   total 141312K, used 59676K [0x0000000701c00000, 0x0000000800000000)
  region size 2048K, 3 young (6144K), 3 survivors (6144K)
 Metaspace       used 52751K, committed 53056K, reserved 1097728K
  class space    used 6242K, committed 6400K, reserved 1048576K
}
Event: 7.802 GC heap before
{Heap before GC invocations=16 (full 0):
 garbage-first heap   total 141312K, used 100636K [0x0000000701c00000, 0x0000000800000000)
  region size 2048K, 23 young (47104K), 3 survivors (6144K)
 Metaspace       used 54430K, committed 54720K, reserved 1097728K
  class space    used 6412K, committed 6528K, reserved 1048576K
}
Event: 7.834 GC heap after
{Heap after GC invocations=17 (full 0):
 garbage-first heap   total 141312K, used 69793K [0x0000000701c00000, 0x0000000800000000)
  region size 2048K, 3 young (6144K), 3 survivors (6144K)
 Metaspace       used 54430K, committed 54720K, reserved 1097728K
  class space    used 6412K, committed 6528K, reserved 1048576K
}
Event: 8.818 GC heap before
{Heap before GC invocations=17 (full 0):
 garbage-first heap   total 141312K, used 102561K [0x0000000701c00000, 0x0000000800000000)
  region size 2048K, 19 young (38912K), 3 survivors (6144K)
 Metaspace       used 55241K, committed 55616K, reserved 1105920K
  class space    used 6436K, committed 6592K, reserved 1048576K
}
Event: 8.843 GC heap after
{Heap after GC invocations=18 (full 0):
 garbage-first heap   total 141312K, used 76681K [0x0000000701c00000, 0x0000000800000000)
  region size 2048K, 3 young (6144K), 3 survivors (6144K)
 Metaspace       used 55241K, committed 55616K, reserved 1105920K
  class space    used 6436K, committed 6592K, reserved 1048576K
}
Event: 9.628 GC heap before
{Heap before GC invocations=19 (full 0):
 garbage-first heap   total 143360K, used 107401K [0x0000000701c00000, 0x0000000800000000)
  region size 2048K, 18 young (36864K), 3 survivors (6144K)
 Metaspace       used 55749K, committed 56064K, reserved 1105920K
  class space    used 6462K, committed 6592K, reserved 1048576K
}
Event: 9.643 GC heap after
{Heap after GC invocations=20 (full 0):
 garbage-first heap   total 143360K, used 83222K [0x0000000701c00000, 0x0000000800000000)
  region size 2048K, 3 young (6144K), 3 survivors (6144K)
 Metaspace       used 55749K, committed 56064K, reserved 1105920K
  class space    used 6462K, committed 6592K, reserved 1048576K
}
Event: 10.478 GC heap before
{Heap before GC invocations=20 (full 0):
 garbage-first heap   total 143360K, used 109846K [0x0000000701c00000, 0x0000000800000000)
  region size 2048K, 16 young (32768K), 3 survivors (6144K)
 Metaspace       used 56253K, committed 56576K, reserved 1105920K
  class space    used 6498K, committed 6656K, reserved 1048576K
}
Event: 10.494 GC heap after
{Heap after GC invocations=21 (full 0):
 garbage-first heap   total 143360K, used 87732K [0x0000000701c00000, 0x0000000800000000)
  region size 2048K, 2 young (4096K), 2 survivors (4096K)
 Metaspace       used 56253K, committed 56576K, reserved 1105920K
  class space    used 6498K, committed 6656K, reserved 1048576K
}
Event: 11.179 GC heap before
{Heap before GC invocations=22 (full 0):
 garbage-first heap   total 157696K, used 110260K [0x0000000701c00000, 0x0000000800000000)
  region size 2048K, 13 young (26624K), 2 survivors (4096K)
 Metaspace       used 59134K, committed 59456K, reserved 1105920K
  class space    used 6783K, committed 6912K, reserved 1048576K
}
Event: 11.192 GC heap after
{Heap after GC invocations=23 (full 0):
 garbage-first heap   total 157696K, used 91484K [0x0000000701c00000, 0x0000000800000000)
  region size 2048K, 2 young (4096K), 2 survivors (4096K)
 Metaspace       used 59134K, committed 59456K, reserved 1105920K
  class space    used 6783K, committed 6912K, reserved 1048576K
}
Event: 11.226 GC heap before
{Heap before GC invocations=23 (full 0):
 garbage-first heap   total 157696K, used 93532K [0x0000000701c00000, 0x0000000800000000)
  region size 2048K, 3 young (6144K), 2 survivors (4096K)
 Metaspace       used 59173K, committed 59456K, reserved 1105920K
  class space    used 6785K, committed 6912K, reserved 1048576K
}
Event: 11.233 GC heap after
{Heap after GC invocations=24 (full 0):
 garbage-first heap   total 190464K, used 90662K [0x0000000701c00000, 0x0000000800000000)
  region size 2048K, 1 young (2048K), 1 survivors (2048K)
 Metaspace       used 59173K, committed 59456K, reserved 1105920K
  class space    used 6785K, committed 6912K, reserved 1048576K
}
Event: 12.935 GC heap before
{Heap before GC invocations=24 (full 0):
 garbage-first heap   total 190464K, used 141862K [0x0000000701c00000, 0x0000000800000000)
  region size 2048K, 26 young (53248K), 1 survivors (2048K)
 Metaspace       used 60535K, committed 60800K, reserved 1105920K
  class space    used 6860K, committed 6976K, reserved 1048576K
}
Event: 12.956 GC heap after
{Heap after GC invocations=25 (full 0):
 garbage-first heap   total 190464K, used 100725K [0x0000000701c00000, 0x0000000800000000)
  region size 2048K, 4 young (8192K), 4 survivors (8192K)
 Metaspace       used 60535K, committed 60800K, reserved 1105920K
  class space    used 6860K, committed 6976K, reserved 1048576K
}

Dll operation events (2 events):
Event: 0.006 Loaded shared library E:\Canary\android-studio\jbr\bin\java.dll
Event: 1.188 Loaded shared library E:\Canary\android-studio\jbr\bin\verify.dll

Deoptimization events (20 events):
Event: 12.810 Thread 0x000001d57c003d30 Uncommon trap: trap_request=0xffffffc6 fr.pc=0x000001d507f2236c relative=0x000000000000022c
Event: 12.810 Thread 0x000001d57c003d30 Uncommon trap: reason=bimorphic_or_optimized_type_check action=maybe_recompile pc=0x000001d507f2236c method=org.jetbrains.kotlin.load.java.structure.impl.classFiles.PlainJavaClassifierType.isRaw()Z @ 7 c2
Event: 12.810 Thread 0x000001d57c003d30 DEOPT PACKING pc=0x000001d507f2236c sp=0x000000b6943fc4e0
Event: 12.810 Thread 0x000001d57c003d30 DEOPT UNPACKING pc=0x000001d5075869a3 sp=0x000000b6943fc488 mode 2
Event: 12.811 Thread 0x000001d57c003d30 Uncommon trap: trap_request=0xffffffc6 fr.pc=0x000001d507f2236c relative=0x000000000000022c
Event: 12.811 Thread 0x000001d57c003d30 Uncommon trap: reason=bimorphic_or_optimized_type_check action=maybe_recompile pc=0x000001d507f2236c method=org.jetbrains.kotlin.load.java.structure.impl.classFiles.PlainJavaClassifierType.isRaw()Z @ 7 c2
Event: 12.811 Thread 0x000001d57c003d30 DEOPT PACKING pc=0x000001d507f2236c sp=0x000000b6943fc530
Event: 12.811 Thread 0x000001d57c003d30 DEOPT UNPACKING pc=0x000001d5075869a3 sp=0x000000b6943fc4d8 mode 2
Event: 12.811 Thread 0x000001d57c003d30 Uncommon trap: trap_request=0xffffffc6 fr.pc=0x000001d507f2236c relative=0x000000000000022c
Event: 12.811 Thread 0x000001d57c003d30 Uncommon trap: reason=bimorphic_or_optimized_type_check action=maybe_recompile pc=0x000001d507f2236c method=org.jetbrains.kotlin.load.java.structure.impl.classFiles.PlainJavaClassifierType.isRaw()Z @ 7 c2
Event: 12.811 Thread 0x000001d57c003d30 DEOPT PACKING pc=0x000001d507f2236c sp=0x000000b6943fc790
Event: 12.811 Thread 0x000001d57c003d30 DEOPT UNPACKING pc=0x000001d5075869a3 sp=0x000000b6943fc738 mode 2
Event: 12.811 Thread 0x000001d57c003d30 Uncommon trap: trap_request=0xffffffc6 fr.pc=0x000001d507f2236c relative=0x000000000000022c
Event: 12.811 Thread 0x000001d57c003d30 Uncommon trap: reason=bimorphic_or_optimized_type_check action=maybe_recompile pc=0x000001d507f2236c method=org.jetbrains.kotlin.load.java.structure.impl.classFiles.PlainJavaClassifierType.isRaw()Z @ 7 c2
Event: 12.811 Thread 0x000001d57c003d30 DEOPT PACKING pc=0x000001d507f2236c sp=0x000000b6943fbf80
Event: 12.811 Thread 0x000001d57c003d30 DEOPT UNPACKING pc=0x000001d5075869a3 sp=0x000000b6943fbf28 mode 2
Event: 12.823 Thread 0x000001d57c003d30 Uncommon trap: trap_request=0xffffffde fr.pc=0x000001d507ed9d3c relative=0x00000000000000fc
Event: 12.823 Thread 0x000001d57c003d30 Uncommon trap: reason=class_check action=maybe_recompile pc=0x000001d507ed9d3c method=org.jetbrains.kotlin.fir.resolve.substitution.AbstractConeSubstitutor.substituteRecursive(Lorg/jetbrains/kotlin/fir/types/ConeKotlinType;)Lorg/jetbrains/kotlin/fir/types
Event: 12.823 Thread 0x000001d57c003d30 DEOPT PACKING pc=0x000001d507ed9d3c sp=0x000000b6943fcb70
Event: 12.823 Thread 0x000001d57c003d30 DEOPT UNPACKING pc=0x000001d5075869a3 sp=0x000000b6943fca78 mode 2

Classes unloaded (0 events):
No events

Classes redefined (0 events):
No events

Internal exceptions (20 events):
Event: 5.556 Thread 0x000001d57c003d30 Exception <a 'java/lang/NoSuchMethodError'{0x0000000709a70810}: 'java.lang.Object java.lang.invoke.DirectMethodHandle$Holder.newInvokeSpecial(java.lang.Object, java.lang.Object, java.lang.Object, java.lang.Object, int, java.lang.Object, java.lang.Object)'> (0x0000000709a70810) 
thrown [s\src\hotspot\share\interpreter\linkResolver.cpp, line 771]
Event: 5.826 Thread 0x000001d57c003d30 Exception <a 'java/lang/NoSuchMethodError'{0x000000070803ea88}: 'java.lang.Object java.lang.invoke.DirectMethodHandle$Holder.newInvokeSpecial(java.lang.Object, java.lang.Object, java.lang.Object, int)'> (0x000000070803ea88) 
thrown [s\src\hotspot\share\interpreter\linkResolver.cpp, line 771]
Event: 5.827 Thread 0x000001d57c003d30 Exception <a 'java/lang/NoSuchMethodError'{0x0000000708042ae8}: 'java.lang.Object java.lang.invoke.DirectMethodHandle$Holder.invokeSpecial(java.lang.Object, java.lang.Object, java.lang.Object, java.lang.Object, int)'> (0x0000000708042ae8) 
thrown [s\src\hotspot\share\interpreter\linkResolver.cpp, line 771]
Event: 5.827 Thread 0x000001d57c003d30 Exception <a 'java/lang/NoSuchMethodError'{0x0000000708046498}: 'java.lang.Object java.lang.invoke.Invokers$Holder.linkToTargetMethod(java.lang.Object, java.lang.Object, int, java.lang.Object)'> (0x0000000708046498) 
thrown [s\src\hotspot\share\interpreter\linkResolver.cpp, line 771]
Event: 5.833 Thread 0x000001d57c003d30 Exception <a 'java/lang/NoSuchMethodError'{0x000000070806aa80}: 'java.lang.Object java.lang.invoke.DirectMethodHandle$Holder.newInvokeSpecial(java.lang.Object, int, java.lang.Object)'> (0x000000070806aa80) 
thrown [s\src\hotspot\share\interpreter\linkResolver.cpp, line 771]
Event: 6.539 Thread 0x000001d57c003d30 Exception <a 'java/lang/NoSuchMethodError'{0x000000070984df58}: 'java.lang.Object java.lang.invoke.DirectMethodHandle$Holder.newInvokeSpecial(java.lang.Object, java.lang.Object, java.lang.Object, java.lang.Object, java.lang.Object, java.lang.Object, java.lang.Object, java.lang.Object, java.lang.Object)'> (0x000000070984df58) 
thrown [s\src\hotspot\share\interpreter\linkResolver.cpp, line 771]
Event: 6.540 Thread 0x000001d57c003d30 Exception <a 'java/lang/NoSuchMethodError'{0x0000000709853818}: 'java.lang.Object java.lang.invoke.DirectMethodHandle$Holder.invokeSpecial(java.lang.Object, java.lang.Object, java.lang.Object, java.lang.Object, java.lang.Object, java.lang.Object, java.lang.Object, java.lang.Object, java.lang.Object, java.lang.Object)'> (0x0000000709853818) 
thrown [s\src\hotspot\share\interpreter\linkResolver.cpp, line 771]
Event: 6.540 Thread 0x000001d57c003d30 Exception <a 'java/lang/NoSuchMethodError'{0x0000000709858088}: 'java.lang.Object java.lang.invoke.Invokers$Holder.linkToTargetMethod(java.lang.Object, java.lang.Object, java.lang.Object, java.lang.Object, java.lang.Object, java.lang.Object, java.lang.Object, java.lang.Object, java.lang.Object)'> (0x0000000709858088) 
thrown [s\src\hotspot\share\interpreter\linkResolver.cpp, line 771]
Event: 6.564 Thread 0x000001d57c003d30 Exception <a 'java/lang/NoSuchMethodError'{0x00000007098cd6d0}: 'java.lang.Object java.lang.invoke.DirectMethodHandle$Holder.newInvokeSpecial(java.lang.Object, java.lang.Object, java.lang.Object, java.lang.Object, java.lang.Object, int)'> (0x00000007098cd6d0) 
thrown [s\src\hotspot\share\interpreter\linkResolver.cpp, line 771]
Event: 6.656 Thread 0x000001d57c003d30 Exception <a 'java/lang/NoSuchMethodError'{0x00000007099ef010}: 'java.lang.Object java.lang.invoke.DirectMethodHandle$Holder.invokeStatic(java.lang.Object, java.lang.Object, java.lang.Object, int, java.lang.Object, java.lang.Object)'> (0x00000007099ef010) 
thrown [s\src\hotspot\share\interpreter\linkResolver.cpp, line 771]
Event: 7.277 Thread 0x000001d57c003d30 Exception <a 'java/lang/NoSuchMethodError'{0x0000000708a74a48}: 'java.lang.Object java.lang.invoke.DirectMethodHandle$Holder.invokeStatic(java.lang.Object, int, java.lang.Object, java.lang.Object)'> (0x0000000708a74a48) 
thrown [s\src\hotspot\share\interpreter\linkResolver.cpp, line 771]
Event: 9.187 Thread 0x000001d57c003d30 Exception <a 'java/lang/NoSuchMethodError'{0x0000000709630b98}: 'java.lang.Object java.lang.invoke.DirectMethodHandle$Holder.invokeStatic(java.lang.Object, java.lang.Object, java.lang.Object, int, int, java.lang.Object)'> (0x0000000709630b98) 
thrown [s\src\hotspot\share\interpreter\linkResolver.cpp, line 771]
Event: 9.188 Thread 0x000001d57c003d30 Exception <a 'java/lang/NoSuchMethodError'{0x000000070963a280}: 'java.lang.Object java.lang.invoke.DirectMethodHandle$Holder.newInvokeSpecial(java.lang.Object, java.lang.Object, java.lang.Object, int, int)'> (0x000000070963a280) 
thrown [s\src\hotspot\share\interpreter\linkResolver.cpp, line 771]
Event: 9.188 Thread 0x000001d57c003d30 Exception <a 'java/lang/NoSuchMethodError'{0x000000070963e368}: 'java.lang.Object java.lang.invoke.DirectMethodHandle$Holder.invokeSpecial(java.lang.Object, java.lang.Object, java.lang.Object, java.lang.Object, int, int)'> (0x000000070963e368) 
thrown [s\src\hotspot\share\interpreter\linkResolver.cpp, line 771]
Event: 10.247 Thread 0x000001d57c003d30 Exception <a 'java/lang/NoSuchMethodError'{0x000000070912a020}: 'java.lang.Object java.lang.invoke.DirectMethodHandle$Holder.newInvokeSpecial(java.lang.Object, int, java.lang.Object, java.lang.Object, java.lang.Object)'> (0x000000070912a020) 
thrown [s\src\hotspot\share\interpreter\linkResolver.cpp, line 771]
Event: 10.250 Thread 0x000001d57c003d30 Exception <a 'java/lang/NoSuchMethodError'{0x0000000709132398}: 'java.lang.Object java.lang.invoke.Invokers$Holder.linkToTargetMethod(int, java.lang.Object, java.lang.Object, java.lang.Object, java.lang.Object)'> (0x0000000709132398) 
thrown [s\src\hotspot\share\interpreter\linkResolver.cpp, line 771]
Event: 10.689 Thread 0x000001d57c003d30 Implicit null exception at 0x000001d507e486f9 to 0x000001d507e48e18
Event: 12.412 Thread 0x000001d57c003d30 Exception <a 'java/lang/NoSuchMethodError'{0x000000070c1e94a0}: 'java.lang.Object java.lang.invoke.DirectMethodHandle$Holder.newInvokeSpecial(java.lang.Object, java.lang.Object, int, java.lang.Object, java.lang.Object, java.lang.Object)'> (0x000000070c1e94a0) 
thrown [s\src\hotspot\share\interpreter\linkResolver.cpp, line 771]
Event: 12.412 Thread 0x000001d57c003d30 Exception <a 'java/lang/NoSuchMethodError'{0x000000070c1ed810}: 'java.lang.Object java.lang.invoke.DirectMethodHandle$Holder.invokeSpecial(java.lang.Object, java.lang.Object, java.lang.Object, int, java.lang.Object, java.lang.Object, java.lang.Object)'> (0x000000070c1ed810) 
thrown [s\src\hotspot\share\interpreter\linkResolver.cpp, line 771]
Event: 12.412 Thread 0x000001d57c003d30 Exception <a 'java/lang/NoSuchMethodError'{0x000000070c1f13e8}: 'java.lang.Object java.lang.invoke.Invokers$Holder.linkToTargetMethod(java.lang.Object, int, java.lang.Object, java.lang.Object, java.lang.Object, java.lang.Object)'> (0x000000070c1f13e8) 
thrown [s\src\hotspot\share\interpreter\linkResolver.cpp, line 771]

VM Operations (20 events):
Event: 11.179 Executing VM operation: G1CollectForAllocation
Event: 11.192 Executing VM operation: G1CollectForAllocation done
Event: 11.226 Executing VM operation: G1CollectForAllocation
Event: 11.233 Executing VM operation: G1CollectForAllocation done
Event: 11.818 Executing VM operation: HandshakeAllThreads
Event: 11.843 Executing VM operation: HandshakeAllThreads done
Event: 11.852 Executing VM operation: ICBufferFull
Event: 11.869 Executing VM operation: ICBufferFull done
Event: 12.120 Executing VM operation: ICBufferFull
Event: 12.120 Executing VM operation: ICBufferFull done
Event: 12.371 Executing VM operation: ICBufferFull
Event: 12.371 Executing VM operation: ICBufferFull done
Event: 12.677 Executing VM operation: HandshakeAllThreads
Event: 12.677 Executing VM operation: HandshakeAllThreads done
Event: 12.678 Executing VM operation: HandshakeAllThreads
Event: 12.678 Executing VM operation: HandshakeAllThreads done
Event: 12.725 Executing VM operation: ICBufferFull
Event: 12.726 Executing VM operation: ICBufferFull done
Event: 12.935 Executing VM operation: G1CollectForAllocation
Event: 12.967 Executing VM operation: G1CollectForAllocation done

Events (20 events):
Event: 11.885 Thread 0x000001d51b495e50 flushing nmethod 0x000001d500c55e90
Event: 11.886 Thread 0x000001d51b495e50 flushing nmethod 0x000001d500c8a910
Event: 11.886 Thread 0x000001d51b495e50 flushing nmethod 0x000001d500cad510
Event: 11.886 Thread 0x000001d51b495e50 flushing nmethod 0x000001d500cb5d90
Event: 11.886 Thread 0x000001d51b495e50 flushing nmethod 0x000001d500cb6110
Event: 11.886 Thread 0x000001d51b495e50 flushing nmethod 0x000001d500d3de90
Event: 11.886 Thread 0x000001d51b495e50 flushing nmethod 0x000001d500d4df90
Event: 11.887 Thread 0x000001d51b495e50 flushing nmethod 0x000001d500d63290
Event: 11.887 Thread 0x000001d51b495e50 flushing nmethod 0x000001d500d9ef10
Event: 11.887 Thread 0x000001d51b495e50 flushing nmethod 0x000001d500da3710
Event: 11.889 Thread 0x000001d51b495e50 flushing nmethod 0x000001d500f99090
Event: 11.889 Thread 0x000001d51b495e50 flushing nmethod 0x000001d500fb1290
Event: 11.889 Thread 0x000001d51b495e50 flushing nmethod 0x000001d500fc9a10
Event: 11.891 Thread 0x000001d51b495e50 flushing nmethod 0x000001d501126210
Event: 11.891 Thread 0x000001d51b495e50 flushing nmethod 0x000001d501137010
Event: 11.892 Thread 0x000001d51b495e50 flushing nmethod 0x000001d5011ffa10
Event: 11.892 Thread 0x000001d51b495e50 flushing nmethod 0x000001d501213e90
Event: 11.893 Thread 0x000001d51b495e50 flushing nmethod 0x000001d50130d790
Event: 11.893 Thread 0x000001d51b495e50 flushing nmethod 0x000001d50130f590
Event: 11.893 Thread 0x000001d51b495e50 flushing nmethod 0x000001d5013d0a10


Dynamic libraries:
0x00007ff6259c0000 - 0x00007ff6259ca000 	E:\Canary\android-studio\jbr\bin\java.exe
0x00007ffb17830000 - 0x00007ffb17a28000 	C:\WINDOWS\SYSTEM32\ntdll.dll
0x00007ffb16d20000 - 0x00007ffb16de2000 	C:\WINDOWS\System32\KERNEL32.DLL
0x00007ffb150a0000 - 0x00007ffb1539f000 	C:\WINDOWS\System32\KERNELBASE.dll
0x00007ffb15410000 - 0x00007ffb15510000 	C:\WINDOWS\System32\ucrtbase.dll
0x00007ffb091f0000 - 0x00007ffb09207000 	E:\Canary\android-studio\jbr\bin\jli.dll
0x00007ffb0e3d0000 - 0x00007ffb0e3eb000 	E:\Canary\android-studio\jbr\bin\VCRUNTIME140.dll
0x00007ffb15860000 - 0x00007ffb159fd000 	C:\WINDOWS\System32\USER32.dll
0x00007ffb15780000 - 0x00007ffb157a2000 	C:\WINDOWS\System32\win32u.dll
0x00007ffb14380000 - 0x00007ffb1461a000 	C:\WINDOWS\WinSxS\amd64_microsoft.windows.common-controls_6595b64144ccf1df_6.0.19041.4355_none_60b8b9eb71f62e16\COMCTL32.dll
0x00007ffb168e0000 - 0x00007ffb1690b000 	C:\WINDOWS\System32\GDI32.dll
0x00007ffb17510000 - 0x00007ffb175ae000 	C:\WINDOWS\System32\msvcrt.dll
0x00007ffb14f80000 - 0x00007ffb1509a000 	C:\WINDOWS\System32\gdi32full.dll
0x00007ffb157b0000 - 0x00007ffb1584d000 	C:\WINDOWS\System32\msvcp_win.dll
0x00007ffb168b0000 - 0x00007ffb168df000 	C:\WINDOWS\System32\IMM32.DLL
0x00007ffb0f430000 - 0x00007ffb0f43c000 	E:\Canary\android-studio\jbr\bin\vcruntime140_1.dll
0x00007ffaf45d0000 - 0x00007ffaf465d000 	E:\Canary\android-studio\jbr\bin\msvcp140.dll
0x00007ffadfdb0000 - 0x00007ffae0a1e000 	E:\Canary\android-studio\jbr\bin\server\jvm.dll
0x00007ffb17160000 - 0x00007ffb1720f000 	C:\WINDOWS\System32\ADVAPI32.dll
0x00007ffb16810000 - 0x00007ffb168af000 	C:\WINDOWS\System32\sechost.dll
0x00007ffb175b0000 - 0x00007ffb176d3000 	C:\WINDOWS\System32\RPCRT4.dll
0x00007ffb15560000 - 0x00007ffb15587000 	C:\WINDOWS\System32\bcrypt.dll
0x00007ffb118c0000 - 0x00007ffb118c9000 	C:\WINDOWS\SYSTEM32\WSOCK32.dll
0x00007ffb07260000 - 0x00007ffb07287000 	C:\WINDOWS\SYSTEM32\WINMM.dll
0x00007ffb0c270000 - 0x00007ffb0c27a000 	C:\WINDOWS\SYSTEM32\VERSION.dll
0x00007ffb174a0000 - 0x00007ffb1750b000 	C:\WINDOWS\System32\WS2_32.dll
0x00007ffb128b0000 - 0x00007ffb128c2000 	C:\WINDOWS\SYSTEM32\kernel.appcore.dll
0x00007ffb0e670000 - 0x00007ffb0e67a000 	E:\Canary\android-studio\jbr\bin\jimage.dll
0x00007ffb148d0000 - 0x00007ffb14ab4000 	C:\WINDOWS\SYSTEM32\DBGHELP.DLL
0x00007ffb14810000 - 0x00007ffb14844000 	C:\WINDOWS\SYSTEM32\dbgcore.DLL
0x00007ffb15590000 - 0x00007ffb15612000 	C:\WINDOWS\System32\bcryptPrimitives.dll
0x00007ffb0e2a0000 - 0x00007ffb0e2c5000 	E:\Canary\android-studio\jbr\bin\java.dll
0x00007ffb0e3a0000 - 0x00007ffb0e3b8000 	E:\Canary\android-studio\jbr\bin\zip.dll
0x00007ffb16010000 - 0x00007ffb1677d000 	C:\WINDOWS\System32\SHELL32.dll
0x00007ffb128d0000 - 0x00007ffb13073000 	C:\WINDOWS\SYSTEM32\windows.storage.dll
0x00007ffb16e00000 - 0x00007ffb17155000 	C:\WINDOWS\System32\combase.dll
0x00007ffb140b0000 - 0x00007ffb140db000 	C:\WINDOWS\SYSTEM32\Wldp.dll
0x00007ffb16910000 - 0x00007ffb169dd000 	C:\WINDOWS\System32\OLEAUT32.dll
0x00007ffb176e0000 - 0x00007ffb1778d000 	C:\WINDOWS\System32\SHCORE.dll
0x00007ffb15b30000 - 0x00007ffb15b85000 	C:\WINDOWS\System32\shlwapi.dll
0x00007ffb14e00000 - 0x00007ffb14e25000 	C:\WINDOWS\SYSTEM32\profapi.dll
0x00007ffb0e280000 - 0x00007ffb0e299000 	E:\Canary\android-studio\jbr\bin\net.dll
0x00007ffb0d370000 - 0x00007ffb0d47a000 	C:\WINDOWS\SYSTEM32\WINHTTP.dll
0x00007ffb13f20000 - 0x00007ffb13f8c000 	C:\WINDOWS\system32\mswsock.dll
0x00007ffb0dfc0000 - 0x00007ffb0dfd6000 	E:\Canary\android-studio\jbr\bin\nio.dll
0x00007ffb0d6f0000 - 0x00007ffb0d700000 	E:\Canary\android-studio\jbr\bin\verify.dll

dbghelp: loaded successfully - version: 4.0.5 - missing functions: none
symbol engine: initialized successfully - sym options: 0x614 - pdb path: .;E:\Canary\android-studio\jbr\bin;C:\WINDOWS\SYSTEM32;C:\WINDOWS\WinSxS\amd64_microsoft.windows.common-controls_6595b64144ccf1df_6.0.19041.4355_none_60b8b9eb71f62e16;E:\Canary\android-studio\jbr\bin\server

VM Arguments:
java_command: org.jetbrains.kotlin.cli.jvm.K2JVMCompiler @E:\AndroidWithKotlin\CareerLinkApp\app\build\20250314_9556853642378927071.compiler.options
java_class_path (initial): C:\Users\Afaq_Lite\.gradle\caches\modules-2\files-2.1\org.jetbrains.kotlin\kotlin-compiler-embeddable\2.0.0\1de310de3446414381282ffc46c3ed3919a4d1da\kotlin-compiler-embeddable-2.0.0.jar;C:\Users\Afaq_Lite\.gradle\caches\modules-2\files-2.1\org.jetbrains.kotlin\kotlin-stdlib\2.0.0\b48df2c4aede9586cc931ead433bc02d6fd7879e\kotlin-stdlib-2.0.0.jar;C:\Users\Afaq_Lite\.gradle\caches\modules-2\files-2.1\org.jetbrains.kotlin\kotlin-script-runtime\2.0.0\fdc27dd047d592fa41d2dfa21e7621287a361612\kotlin-script-runtime-2.0.0.jar;C:\Users\Afaq_Lite\.gradle\caches\modules-2\files-2.1\org.jetbrains.kotlin\kotlin-reflect\1.6.10\1cbe9c92c12a94eea200d23c2bbaedaf3daf5132\kotlin-reflect-1.6.10.jar;C:\Users\Afaq_Lite\.gradle\caches\modules-2\files-2.1\org.jetbrains.kotlin\kotlin-daemon-embeddable\2.0.0\b39c612768614c4428c96ee9c65477181fffe9d\kotlin-daemon-embeddable-2.0.0.jar;C:\Users\Afaq_Lite\.gradle\caches\modules-2\files-2.1\org.jetbrains.intellij.deps\trove4j\1.0.20200330\3afb14d5f9ceb459d724e907a21145e8ff394f02\trove4j-1.0.20200330.jar;C:\Users\Afaq_Lite\.gradle\caches\modules-2\files-2.1\org.jetbrains\annotations\13.0\919f0dfe192fb4e063e7dacadee7f8bb9a2672a9\annotations-13.0.jar
Launcher Type: SUN_STANDARD

[Global flags]
     intx CICompilerCount                          = 4                                         {product} {ergonomic}
     uint ConcGCThreads                            = 2                                         {product} {ergonomic}
     uint G1ConcRefinementThreads                  = 8                                         {product} {ergonomic}
   size_t G1HeapRegionSize                         = 2097152                                   {product} {ergonomic}
    uintx GCDrainStackTargetSize                   = 64                                        {product} {ergonomic}
   size_t InitialHeapSize                          = 268435456                                 {product} {ergonomic}
   size_t MarkStackSize                            = 4194304                                   {product} {ergonomic}
   size_t MaxHeapSize                              = 4265607168                                {product} {ergonomic}
   size_t MaxNewSize                               = 2558525440                                {product} {ergonomic}
   size_t MinHeapDeltaBytes                        = 2097152                                   {product} {ergonomic}
   size_t MinHeapSize                              = 8388608                                   {product} {ergonomic}
    uintx NonNMethodCodeHeapSize                   = 5839372                                {pd product} {ergonomic}
    uintx NonProfiledCodeHeapSize                  = 122909434                              {pd product} {ergonomic}
    uintx ProfiledCodeHeapSize                     = 122909434                              {pd product} {ergonomic}
    uintx ReservedCodeCacheSize                    = 251658240                              {pd product} {ergonomic}
     bool SegmentedCodeCache                       = true                                      {product} {ergonomic}
   size_t SoftMaxHeapSize                          = 4265607168                             {manageable} {ergonomic}
     bool UseCompressedClassPointers               = true                           {product lp64_product} {ergonomic}
     bool UseCompressedOops                        = true                           {product lp64_product} {ergonomic}
     bool UseG1GC                                  = true                                      {product} {ergonomic}
     bool UseLargePagesIndividualAllocation        = false                                  {pd product} {ergonomic}

Logging:
Log output configuration:
 #0: stdout all=warning uptime,level,tags
 #1: stderr all=off uptime,level,tags

Environment Variables:
JAVA_HOME=C:\Users\Afaq_Lite\AppData\Local\Programs\Eclipse Adoptium\jdk-17.0.6.10-hotspot\
PATH=C:\WINDOWS\system32;C:\WINDOWS;C:\WINDOWS\System32\Wbem;C:\WINDOWS\System32\WindowsPowerShell\v1.0\;C:\WINDOWS\System32\OpenSSH\;C:\Users\Afaq_Lite\AppData\Local\Programs\Python\Python39;C:\Users\Afaq_Lite\AppData\Local\Programs\Python\Python39\Scripts;C:\Program Files\Graphviz\bin;C:\Program Files\nodejs\;C:\ProgramData\chocolatey\bin;C:\Program Files\Git\cmd;C:\Program Files\dotnet\;C:\Program Files\Microsoft VS Code\bin;C:\Users\Afaq_Lite\AppData\Local\Programs\Eclipse Adoptium\jdk-17.0.6.10-hotspot\bin;C:\Users\Afaq_Lite\AppData\Local\Microsoft\WindowsApps;C:\Users\Afaq_Lite\anaconda3\Library\bin\Graphviz;C:\Users\Afaq_Lite\AppData\Local\Programs\Microsoft VS Code\bin;E:\Dart_sdk\dart-sdk\bin;C:\src\flutter\bin;C:\Users\Afaq_Lite\AppData\Roaming\npm;C:\Users\Afaq_Lite\.dotnet\tools
USERNAME=Afaq_Lite
OS=Windows_NT
PROCESSOR_IDENTIFIER=Intel64 Family 6 Model 60 Stepping 3, GenuineIntel
TMP=C:\Users\Afaq_Lite\AppData\Local\Temp
TEMP=C:\Users\Afaq_Lite\AppData\Local\Temp


JNI global refs:
JNI global refs: 12, weak refs: 0

JNI global refs memory usage: 843, weak refs: 841


---------------  S Y S T E M  ---------------

OS:
 Windows 10 , 64 bit Build 19041 (10.0.19041.5438)
OS uptime: 3 days 2:09 hours

CPU: total 8 (initial active 8) (4 cores per cpu, 2 threads per core) family 6 model 60 stepping 3 microcode 0x27, cx8, cmov, fxsr, ht, mmx, sse, sse2, sse3, ssse3, sse4.1, sse4.2, popcnt, lzcnt, tsc, tscinvbit, avx, avx2, aes, erms, clmul, bmi1, bmi2, fma, vzeroupper, clflush

Memory: 4k page, system-wide physical 16265M (1883M free)
TotalPageFile size 18313M (AvailPageFile size 5M)
current process WorkingSet (physical memory assigned to process): 403M, peak: 404M
current process commit charge ("private bytes"): 429M, peak: 430M

vm_info: OpenJDK 64-Bit Server VM (17.0.6+0-b2043.56-10027231) for windows-amd64 JRE (17.0.6+0-b2043.56-10027231), built on Apr 28 2023 00:43:19 by "androidbuild" with MS VC++ 16.10 / 16.11 (VS2019)

END.
